{"/home/jacques-n/Desktop/Jacques1/index.js": {"path":"/home/jacques-n/Desktop/Jacques1/index.js","statementMap":{"0":{"start":{"line":11,"column":0},"end":{"line":11,"column":15}},"1":{"start":{"line":12,"column":0},"end":{"line":12,"column":12}},"2":{"start":{"line":14,"column":19},"end":{"line":14,"column":28}},"3":{"start":{"line":15,"column":0},"end":{"line":15,"column":15}},"4":{"start":{"line":16,"column":0},"end":{"line":16,"column":24}},"5":{"start":{"line":17,"column":0},"end":{"line":19,"column":2}},"6":{"start":{"line":18,"column":4},"end":{"line":18,"column":46}},"7":{"start":{"line":21,"column":0},"end":{"line":21,"column":28}},"8":{"start":{"line":22,"column":0},"end":{"line":22,"column":35}},"9":{"start":{"line":23,"column":0},"end":{"line":23,"column":28}},"10":{"start":{"line":24,"column":0},"end":{"line":24,"column":33}},"11":{"start":{"line":27,"column":11},"end":{"line":27,"column":33}},"12":{"start":{"line":28,"column":0},"end":{"line":30,"column":3}},"13":{"start":{"line":29,"column":4},"end":{"line":29,"column":45}},"14":{"start":{"line":31,"column":0},"end":{"line":31,"column":22}},"15":{"start":{"line":32,"column":1},"end":{"line":34,"column":2}},"16":{"start":{"line":33,"column":4},"end":{"line":33,"column":43}}},"fnMap":{"0":{"name":"(anonymous_0)","decl":{"start":{"line":17,"column":12},"end":{"line":17,"column":13}},"loc":{"start":{"line":17,"column":23},"end":{"line":19,"column":1}},"line":17},"1":{"name":"(anonymous_1)","decl":{"start":{"line":28,"column":16},"end":{"line":28,"column":17}},"loc":{"start":{"line":28,"column":20},"end":{"line":30,"column":1}},"line":28},"2":{"name":"(anonymous_2)","decl":{"start":{"line":32,"column":13},"end":{"line":32,"column":14}},"loc":{"start":{"line":32,"column":24},"end":{"line":34,"column":1}},"line":32}},"branchMap":{"0":{"loc":{"start":{"line":27,"column":11},"end":{"line":27,"column":33}},"type":"binary-expr","locations":[{"start":{"line":27,"column":11},"end":{"line":27,"column":27}},{"start":{"line":27,"column":29},"end":{"line":27,"column":33}}],"line":27}},"s":{"0":1,"1":1,"2":1,"3":1,"4":1,"5":1,"6":0,"7":1,"8":1,"9":1,"10":1,"11":1,"12":1,"13":0,"14":1,"15":1,"16":0},"f":{"0":0,"1":0,"2":0},"b":{"0":[1,0]},"_coverageSchema":"1a1c01bbd47fc00a2c39e90264f33305004495a9","hash":"a4fa00df86640a6add07bf1ea8fe20557644bf3e"}
,"/home/jacques-n/Desktop/Jacques1/swagger.js": {"path":"/home/jacques-n/Desktop/Jacques1/swagger.js","statementMap":{"0":{"start":{"line":1,"column":27},"end":{"line":1108,"column":3}}},"fnMap":{},"branchMap":{},"s":{"0":1},"f":{},"b":{},"_coverageSchema":"1a1c01bbd47fc00a2c39e90264f33305004495a9","hash":"db336efe209a3952e91eaae9561e95349708b136"}
,"/home/jacques-n/Desktop/Jacques1/src/controllers/blogcontroller.js": {"path":"/home/jacques-n/Desktop/Jacques1/src/controllers/blogcontroller.js","statementMap":{"0":{"start":{"line":7,"column":0},"end":{"line":7,"column":15}},"1":{"start":{"line":11,"column":22},"end":{"line":11,"column":57}},"2":{"start":{"line":12,"column":8},"end":{"line":15,"column":10}},"3":{"start":{"line":12,"column":18},"end":{"line":15,"column":10}},"4":{"start":{"line":16,"column":6},"end":{"line":38,"column":7}},"5":{"start":{"line":17,"column":20},"end":{"line":17,"column":71}},"6":{"start":{"line":18,"column":30},"end":{"line":18,"column":41}},"7":{"start":{"line":19,"column":21},"end":{"line":19,"column":48}},"8":{"start":{"line":20,"column":24},"end":{"line":20,"column":64}},"9":{"start":{"line":21,"column":8},"end":{"line":21,"column":35}},"10":{"start":{"line":22,"column":8},"end":{"line":25,"column":9}},"11":{"start":{"line":27,"column":6},"end":{"line":27,"column":23}},"12":{"start":{"line":28,"column":6},"end":{"line":31,"column":8}},"13":{"start":{"line":33,"column":8},"end":{"line":36,"column":10}},"14":{"start":{"line":41,"column":19},"end":{"line":41,"column":54}},"15":{"start":{"line":42,"column":5},"end":{"line":45,"column":7}},"16":{"start":{"line":42,"column":14},"end":{"line":45,"column":7}},"17":{"start":{"line":46,"column":5},"end":{"line":55,"column":6}},"18":{"start":{"line":47,"column":20},"end":{"line":47,"column":115}},"19":{"start":{"line":48,"column":7},"end":{"line":48,"column":37}},"20":{"start":{"line":50,"column":7},"end":{"line":53,"column":9}},"21":{"start":{"line":58,"column":4},"end":{"line":71,"column":5}},"22":{"start":{"line":59,"column":24},"end":{"line":59,"column":41}},"23":{"start":{"line":60,"column":8},"end":{"line":63,"column":10}},"24":{"start":{"line":66,"column":8},"end":{"line":69,"column":10}},"25":{"start":{"line":74,"column":4},"end":{"line":86,"column":5}},"26":{"start":{"line":75,"column":19},"end":{"line":75,"column":53}},"27":{"start":{"line":76,"column":8},"end":{"line":79,"column":10}},"28":{"start":{"line":81,"column":8},"end":{"line":84,"column":10}},"29":{"start":{"line":89,"column":4},"end":{"line":98,"column":5}},"30":{"start":{"line":90,"column":19},"end":{"line":90,"column":62}},"31":{"start":{"line":91,"column":8},"end":{"line":91,"column":38}},"32":{"start":{"line":93,"column":8},"end":{"line":96,"column":10}},"33":{"start":{"line":101,"column":0},"end":{"line":126,"column":1}},"34":{"start":{"line":102,"column":26},"end":{"line":102,"column":37}},"35":{"start":{"line":103,"column":17},"end":{"line":103,"column":44}},"36":{"start":{"line":104,"column":18},"end":{"line":104,"column":58}},"37":{"start":{"line":105,"column":17},"end":{"line":105,"column":31}},"38":{"start":{"line":106,"column":21},"end":{"line":106,"column":81}},"39":{"start":{"line":108,"column":3},"end":{"line":120,"column":4}},"40":{"start":{"line":109,"column":16},"end":{"line":109,"column":111}},"41":{"start":{"line":110,"column":5},"end":{"line":113,"column":7}},"42":{"start":{"line":115,"column":14},"end":{"line":115,"column":108}},"43":{"start":{"line":116,"column":2},"end":{"line":119,"column":4}},"44":{"start":{"line":122,"column":4},"end":{"line":125,"column":6}}},"fnMap":{"0":{"name":"(anonymous_0)","decl":{"start":{"line":10,"column":4},"end":{"line":10,"column":5}},"loc":{"start":{"line":10,"column":35},"end":{"line":39,"column":5}},"line":10},"1":{"name":"(anonymous_1)","decl":{"start":{"line":40,"column":4},"end":{"line":40,"column":5}},"loc":{"start":{"line":40,"column":36},"end":{"line":56,"column":1}},"line":40},"2":{"name":"(anonymous_2)","decl":{"start":{"line":57,"column":0},"end":{"line":57,"column":1}},"loc":{"start":{"line":57,"column":33},"end":{"line":72,"column":1}},"line":57},"3":{"name":"(anonymous_3)","decl":{"start":{"line":73,"column":0},"end":{"line":73,"column":1}},"loc":{"start":{"line":73,"column":32},"end":{"line":87,"column":1}},"line":73},"4":{"name":"(anonymous_4)","decl":{"start":{"line":88,"column":0},"end":{"line":88,"column":1}},"loc":{"start":{"line":88,"column":32},"end":{"line":99,"column":1}},"line":88},"5":{"name":"(anonymous_5)","decl":{"start":{"line":100,"column":0},"end":{"line":100,"column":1}},"loc":{"start":{"line":100,"column":30},"end":{"line":127,"column":1}},"line":100}},"branchMap":{"0":{"loc":{"start":{"line":12,"column":8},"end":{"line":15,"column":10}},"type":"if","locations":[{"start":{"line":12,"column":8},"end":{"line":15,"column":10}},{"start":{},"end":{}}],"line":12},"1":{"loc":{"start":{"line":42,"column":5},"end":{"line":45,"column":7}},"type":"if","locations":[{"start":{"line":42,"column":5},"end":{"line":45,"column":7}},{"start":{},"end":{}}],"line":42},"2":{"loc":{"start":{"line":108,"column":3},"end":{"line":120,"column":4}},"type":"if","locations":[{"start":{"line":108,"column":3},"end":{"line":120,"column":4}},{"start":{"line":114,"column":8},"end":{"line":120,"column":4}}],"line":108}},"s":{"0":1,"1":3,"2":3,"3":2,"4":1,"5":1,"6":1,"7":1,"8":1,"9":1,"10":1,"11":1,"12":1,"13":0,"14":0,"15":0,"16":0,"17":0,"18":0,"19":0,"20":0,"21":1,"22":1,"23":1,"24":0,"25":0,"26":0,"27":0,"28":0,"29":0,"30":0,"31":0,"32":0,"33":0,"34":0,"35":0,"36":0,"37":0,"38":0,"39":0,"40":0,"41":0,"42":0,"43":0,"44":0},"f":{"0":3,"1":0,"2":1,"3":0,"4":0,"5":0},"b":{"0":[2,1],"1":[0,0],"2":[0,0]},"_coverageSchema":"1a1c01bbd47fc00a2c39e90264f33305004495a9","hash":"14de71d08ad3fea38b569a6b0e29d7801882f1f8"}
,"/home/jacques-n/Desktop/Jacques1/src/controllers/commentcontroller.js": {"path":"/home/jacques-n/Desktop/Jacques1/src/controllers/commentcontroller.js","statementMap":{"0":{"start":{"line":6,"column":0},"end":{"line":6,"column":16}},"1":{"start":{"line":10,"column":22},"end":{"line":10,"column":63}},"2":{"start":{"line":11,"column":8},"end":{"line":14,"column":10}},"3":{"start":{"line":11,"column":17},"end":{"line":14,"column":10}},"4":{"start":{"line":15,"column":30},"end":{"line":15,"column":41}},"5":{"start":{"line":16,"column":20},"end":{"line":16,"column":47}},"6":{"start":{"line":17,"column":9},"end":{"line":20,"column":11}},"7":{"start":{"line":17,"column":20},"end":{"line":20,"column":11}},"8":{"start":{"line":21,"column":24},"end":{"line":21,"column":64}},"9":{"start":{"line":22,"column":8},"end":{"line":34,"column":9}},"10":{"start":{"line":23,"column":25},"end":{"line":23,"column":70}},"11":{"start":{"line":24,"column":10},"end":{"line":24,"column":36}},"12":{"start":{"line":25,"column":10},"end":{"line":25,"column":40}},"13":{"start":{"line":26,"column":10},"end":{"line":26,"column":31}},"14":{"start":{"line":27,"column":10},"end":{"line":27,"column":40}},"15":{"start":{"line":29,"column":12},"end":{"line":32,"column":14}},"16":{"start":{"line":37,"column":7},"end":{"line":50,"column":8}},"17":{"start":{"line":38,"column":26},"end":{"line":38,"column":46}},"18":{"start":{"line":39,"column":8},"end":{"line":42,"column":10}},"19":{"start":{"line":45,"column":8},"end":{"line":48,"column":10}},"20":{"start":{"line":53,"column":8},"end":{"line":64,"column":9}},"21":{"start":{"line":54,"column":23},"end":{"line":54,"column":136}},"22":{"start":{"line":55,"column":8},"end":{"line":58,"column":10}},"23":{"start":{"line":60,"column":12},"end":{"line":63,"column":14}},"24":{"start":{"line":68,"column":7},"end":{"line":79,"column":8}},"25":{"start":{"line":69,"column":24},"end":{"line":69,"column":72}},"26":{"start":{"line":70,"column":8},"end":{"line":70,"column":37}},"27":{"start":{"line":73,"column":8},"end":{"line":77,"column":10}}},"fnMap":{"0":{"name":"(anonymous_0)","decl":{"start":{"line":9,"column":4},"end":{"line":9,"column":5}},"loc":{"start":{"line":9,"column":39},"end":{"line":35,"column":5}},"line":9},"1":{"name":"(anonymous_1)","decl":{"start":{"line":36,"column":4},"end":{"line":36,"column":5}},"loc":{"start":{"line":36,"column":40},"end":{"line":51,"column":5}},"line":36},"2":{"name":"(anonymous_2)","decl":{"start":{"line":52,"column":4},"end":{"line":52,"column":5}},"loc":{"start":{"line":52,"column":39},"end":{"line":66,"column":5}},"line":52},"3":{"name":"(anonymous_3)","decl":{"start":{"line":67,"column":4},"end":{"line":67,"column":5}},"loc":{"start":{"line":67,"column":40},"end":{"line":81,"column":5}},"line":67}},"branchMap":{"0":{"loc":{"start":{"line":11,"column":8},"end":{"line":14,"column":10}},"type":"if","locations":[{"start":{"line":11,"column":8},"end":{"line":14,"column":10}},{"start":{},"end":{}}],"line":11},"1":{"loc":{"start":{"line":17,"column":9},"end":{"line":20,"column":11}},"type":"if","locations":[{"start":{"line":17,"column":9},"end":{"line":20,"column":11}},{"start":{},"end":{}}],"line":17}},"s":{"0":1,"1":0,"2":0,"3":0,"4":0,"5":0,"6":0,"7":0,"8":0,"9":0,"10":0,"11":0,"12":0,"13":0,"14":0,"15":0,"16":0,"17":0,"18":0,"19":0,"20":0,"21":0,"22":0,"23":0,"24":0,"25":0,"26":0,"27":0},"f":{"0":0,"1":0,"2":0,"3":0},"b":{"0":[0,0],"1":[0,0]},"_coverageSchema":"1a1c01bbd47fc00a2c39e90264f33305004495a9","hash":"3e5cb38e3316433e1abb7de54b094ee3419159c8"}
,"/home/jacques-n/Desktop/Jacques1/src/controllers/messageController.js": {"path":"/home/jacques-n/Desktop/Jacques1/src/controllers/messageController.js","statementMap":{"0":{"start":{"line":7,"column":18},"end":{"line":7,"column":59}},"1":{"start":{"line":8,"column":2},"end":{"line":11,"column":5}},"2":{"start":{"line":8,"column":11},"end":{"line":11,"column":5}},"3":{"start":{"line":12,"column":2},"end":{"line":27,"column":3}},"4":{"start":{"line":13,"column":19},"end":{"line":13,"column":79}},"5":{"start":{"line":15,"column":4},"end":{"line":15,"column":25}},"6":{"start":{"line":16,"column":4},"end":{"line":19,"column":5}},"7":{"start":{"line":22,"column":5},"end":{"line":25,"column":6}},"8":{"start":{"line":32,"column":4},"end":{"line":48,"column":5}},"9":{"start":{"line":33,"column":21},"end":{"line":33,"column":41}},"10":{"start":{"line":34,"column":6},"end":{"line":36,"column":8}},"11":{"start":{"line":34,"column":19},"end":{"line":36,"column":8}},"12":{"start":{"line":37,"column":6},"end":{"line":40,"column":8}},"13":{"start":{"line":43,"column":6},"end":{"line":46,"column":8}},"14":{"start":{"line":52,"column":6},"end":{"line":65,"column":7}},"15":{"start":{"line":53,"column":23},"end":{"line":53,"column":60}},"16":{"start":{"line":54,"column":8},"end":{"line":57,"column":10}},"17":{"start":{"line":60,"column":8},"end":{"line":63,"column":10}},"18":{"start":{"line":69,"column":2},"end":{"line":77,"column":3}},"19":{"start":{"line":70,"column":19},"end":{"line":70,"column":65}},"20":{"start":{"line":71,"column":7},"end":{"line":71,"column":37}},"21":{"start":{"line":73,"column":4},"end":{"line":76,"column":6}}},"fnMap":{"0":{"name":"(anonymous_0)","decl":{"start":{"line":6,"column":4},"end":{"line":6,"column":5}},"loc":{"start":{"line":6,"column":41},"end":{"line":29,"column":5}},"line":6},"1":{"name":"(anonymous_1)","decl":{"start":{"line":30,"column":4},"end":{"line":30,"column":5}},"loc":{"start":{"line":30,"column":40},"end":{"line":50,"column":5}},"line":30},"2":{"name":"(anonymous_2)","decl":{"start":{"line":51,"column":4},"end":{"line":51,"column":5}},"loc":{"start":{"line":51,"column":39},"end":{"line":66,"column":5}},"line":51},"3":{"name":"(anonymous_3)","decl":{"start":{"line":67,"column":4},"end":{"line":67,"column":5}},"loc":{"start":{"line":67,"column":42},"end":{"line":79,"column":5}},"line":67}},"branchMap":{"0":{"loc":{"start":{"line":8,"column":2},"end":{"line":11,"column":5}},"type":"if","locations":[{"start":{"line":8,"column":2},"end":{"line":11,"column":5}},{"start":{},"end":{}}],"line":8},"1":{"loc":{"start":{"line":34,"column":6},"end":{"line":36,"column":8}},"type":"if","locations":[{"start":{"line":34,"column":6},"end":{"line":36,"column":8}},{"start":{},"end":{}}],"line":34}},"s":{"0":0,"1":0,"2":0,"3":0,"4":0,"5":0,"6":0,"7":0,"8":0,"9":0,"10":0,"11":0,"12":0,"13":0,"14":0,"15":0,"16":0,"17":0,"18":0,"19":0,"20":0,"21":0},"f":{"0":0,"1":0,"2":0,"3":0},"b":{"0":[0,0],"1":[0,0]},"_coverageSchema":"1a1c01bbd47fc00a2c39e90264f33305004495a9","hash":"d21d8c697271c5bd7cb25611531418a83a74894c"}
,"/home/jacques-n/Desktop/Jacques1/src/controllers/usercontroller.js": {"path":"/home/jacques-n/Desktop/Jacques1/src/controllers/usercontroller.js","statementMap":{"0":{"start":{"line":9,"column":4},"end":{"line":32,"column":5}},"1":{"start":{"line":10,"column":20},"end":{"line":10,"column":53}},"2":{"start":{"line":11,"column":4},"end":{"line":11,"column":68}},"3":{"start":{"line":11,"column":14},"end":{"line":11,"column":68}},"4":{"start":{"line":12,"column":13},"end":{"line":12,"column":55}},"5":{"start":{"line":13,"column":4},"end":{"line":16,"column":7}},"6":{"start":{"line":13,"column":12},"end":{"line":16,"column":7}},"7":{"start":{"line":17,"column":4},"end":{"line":17,"column":92}},"8":{"start":{"line":18,"column":16},"end":{"line":18,"column":40}},"9":{"start":{"line":19,"column":4},"end":{"line":19,"column":56}},"10":{"start":{"line":20,"column":4},"end":{"line":20,"column":71}},"11":{"start":{"line":21,"column":3},"end":{"line":21,"column":21}},"12":{"start":{"line":22,"column":3},"end":{"line":25,"column":5}},"13":{"start":{"line":28,"column":8},"end":{"line":31,"column":10}},"14":{"start":{"line":37,"column":8},"end":{"line":48,"column":9}},"15":{"start":{"line":38,"column":28},"end":{"line":38,"column":65}},"16":{"start":{"line":39,"column":11},"end":{"line":42,"column":13}},"17":{"start":{"line":44,"column":11},"end":{"line":47,"column":14}},"18":{"start":{"line":51,"column":8},"end":{"line":66,"column":9}},"19":{"start":{"line":52,"column":24},"end":{"line":52,"column":78}},"20":{"start":{"line":53,"column":12},"end":{"line":56,"column":14}},"21":{"start":{"line":53,"column":21},"end":{"line":56,"column":14}},"22":{"start":{"line":57,"column":11},"end":{"line":60,"column":13}},"23":{"start":{"line":62,"column":11},"end":{"line":65,"column":14}},"24":{"start":{"line":69,"column":8},"end":{"line":82,"column":9}},"25":{"start":{"line":70,"column":23},"end":{"line":70,"column":66}},"26":{"start":{"line":71,"column":12},"end":{"line":74,"column":14}},"27":{"start":{"line":71,"column":21},"end":{"line":74,"column":14}},"28":{"start":{"line":75,"column":13},"end":{"line":75,"column":43}},"29":{"start":{"line":77,"column":12},"end":{"line":80,"column":14}},"30":{"start":{"line":87,"column":8},"end":{"line":102,"column":9}},"31":{"start":{"line":88,"column":24},"end":{"line":88,"column":52}},"32":{"start":{"line":89,"column":10},"end":{"line":89,"column":74}},"33":{"start":{"line":89,"column":20},"end":{"line":89,"column":74}},"34":{"start":{"line":90,"column":23},"end":{"line":90,"column":98}},"35":{"start":{"line":91,"column":10},"end":{"line":94,"column":12}},"36":{"start":{"line":91,"column":18},"end":{"line":94,"column":12}},"37":{"start":{"line":97,"column":12},"end":{"line":100,"column":14}},"38":{"start":{"line":106,"column":8},"end":{"line":142,"column":9}},"39":{"start":{"line":107,"column":26},"end":{"line":107,"column":60}},"40":{"start":{"line":108,"column":13},"end":{"line":111,"column":15}},"41":{"start":{"line":108,"column":23},"end":{"line":111,"column":15}},"42":{"start":{"line":113,"column":36},"end":{"line":113,"column":44}},"43":{"start":{"line":114,"column":29},"end":{"line":114,"column":56}},"44":{"start":{"line":115,"column":12},"end":{"line":118,"column":14}},"45":{"start":{"line":115,"column":26},"end":{"line":118,"column":14}},"46":{"start":{"line":119,"column":35},"end":{"line":119,"column":84}},"47":{"start":{"line":120,"column":12},"end":{"line":123,"column":14}},"48":{"start":{"line":120,"column":33},"end":{"line":123,"column":14}},"49":{"start":{"line":125,"column":25},"end":{"line":129,"column":14}},"50":{"start":{"line":130,"column":12},"end":{"line":134,"column":14}},"51":{"start":{"line":137,"column":13},"end":{"line":140,"column":15}}},"fnMap":{"0":{"name":"(anonymous_0)","decl":{"start":{"line":8,"column":4},"end":{"line":8,"column":5}},"loc":{"start":{"line":8,"column":38},"end":{"line":34,"column":5}},"line":8},"1":{"name":"(anonymous_1)","decl":{"start":{"line":36,"column":4},"end":{"line":36,"column":5}},"loc":{"start":{"line":36,"column":38},"end":{"line":49,"column":5}},"line":36},"2":{"name":"(anonymous_2)","decl":{"start":{"line":50,"column":4},"end":{"line":50,"column":5}},"loc":{"start":{"line":50,"column":37},"end":{"line":67,"column":5}},"line":50},"3":{"name":"(anonymous_3)","decl":{"start":{"line":68,"column":4},"end":{"line":68,"column":5}},"loc":{"start":{"line":68,"column":39},"end":{"line":84,"column":5}},"line":68},"4":{"name":"(anonymous_4)","decl":{"start":{"line":86,"column":4},"end":{"line":86,"column":5}},"loc":{"start":{"line":86,"column":36},"end":{"line":103,"column":5}},"line":86},"5":{"name":"(anonymous_5)","decl":{"start":{"line":105,"column":4},"end":{"line":105,"column":5}},"loc":{"start":{"line":105,"column":36},"end":{"line":144,"column":5}},"line":105}},"branchMap":{"0":{"loc":{"start":{"line":11,"column":4},"end":{"line":11,"column":68}},"type":"if","locations":[{"start":{"line":11,"column":4},"end":{"line":11,"column":68}},{"start":{},"end":{}}],"line":11},"1":{"loc":{"start":{"line":13,"column":4},"end":{"line":16,"column":7}},"type":"if","locations":[{"start":{"line":13,"column":4},"end":{"line":16,"column":7}},{"start":{},"end":{}}],"line":13},"2":{"loc":{"start":{"line":53,"column":12},"end":{"line":56,"column":14}},"type":"if","locations":[{"start":{"line":53,"column":12},"end":{"line":56,"column":14}},{"start":{},"end":{}}],"line":53},"3":{"loc":{"start":{"line":71,"column":12},"end":{"line":74,"column":14}},"type":"if","locations":[{"start":{"line":71,"column":12},"end":{"line":74,"column":14}},{"start":{},"end":{}}],"line":71},"4":{"loc":{"start":{"line":89,"column":10},"end":{"line":89,"column":74}},"type":"if","locations":[{"start":{"line":89,"column":10},"end":{"line":89,"column":74}},{"start":{},"end":{}}],"line":89},"5":{"loc":{"start":{"line":91,"column":10},"end":{"line":94,"column":12}},"type":"if","locations":[{"start":{"line":91,"column":10},"end":{"line":94,"column":12}},{"start":{},"end":{}}],"line":91},"6":{"loc":{"start":{"line":108,"column":13},"end":{"line":111,"column":15}},"type":"if","locations":[{"start":{"line":108,"column":13},"end":{"line":111,"column":15}},{"start":{},"end":{}}],"line":108},"7":{"loc":{"start":{"line":115,"column":12},"end":{"line":118,"column":14}},"type":"if","locations":[{"start":{"line":115,"column":12},"end":{"line":118,"column":14}},{"start":{},"end":{}}],"line":115},"8":{"loc":{"start":{"line":120,"column":12},"end":{"line":123,"column":14}},"type":"if","locations":[{"start":{"line":120,"column":12},"end":{"line":123,"column":14}},{"start":{},"end":{}}],"line":120}},"s":{"0":1,"1":1,"2":1,"3":0,"4":1,"5":1,"6":0,"7":1,"8":1,"9":1,"10":1,"11":1,"12":1,"13":0,"14":0,"15":0,"16":0,"17":0,"18":0,"19":0,"20":0,"21":0,"22":0,"23":0,"24":0,"25":0,"26":0,"27":0,"28":0,"29":0,"30":0,"31":0,"32":0,"33":0,"34":0,"35":0,"36":0,"37":0,"38":1,"39":1,"40":1,"41":0,"42":1,"43":1,"44":1,"45":0,"46":1,"47":1,"48":0,"49":1,"50":1,"51":0},"f":{"0":1,"1":0,"2":0,"3":0,"4":0,"5":1},"b":{"0":[0,1],"1":[0,1],"2":[0,0],"3":[0,0],"4":[0,0],"5":[0,0],"6":[0,1],"7":[0,1],"8":[0,1]},"_coverageSchema":"1a1c01bbd47fc00a2c39e90264f33305004495a9","hash":"65ec8f6a5994f81ab1dc86383f082418dd67388e"}
,"/home/jacques-n/Desktop/Jacques1/src/database/connectdb.js": {"path":"/home/jacques-n/Desktop/Jacques1/src/database/connectdb.js","statementMap":{"0":{"start":{"line":3,"column":0},"end":{"line":3,"column":16}},"1":{"start":{"line":5,"column":4},"end":{"line":10,"column":5}},"2":{"start":{"line":6,"column":8},"end":{"line":6,"column":54}},"3":{"start":{"line":7,"column":8},"end":{"line":7,"column":42}},"4":{"start":{"line":9,"column":8},"end":{"line":9,"column":52}}},"fnMap":{"0":{"name":"connectDB","decl":{"start":{"line":4,"column":17},"end":{"line":4,"column":26}},"loc":{"start":{"line":4,"column":28},"end":{"line":11,"column":1}},"line":4}},"branchMap":{},"s":{"0":1,"1":1,"2":1,"3":1,"4":0},"f":{"0":1},"b":{},"_coverageSchema":"1a1c01bbd47fc00a2c39e90264f33305004495a9","hash":"05cc6493fa0d17df4315a26be75c30015aec541e"}
,"/home/jacques-n/Desktop/Jacques1/src/middlewares/authmiddleware.js": {"path":"/home/jacques-n/Desktop/Jacques1/src/middlewares/authmiddleware.js","statementMap":{"0":{"start":{"line":3,"column":0},"end":{"line":3,"column":16}},"1":{"start":{"line":7,"column":4},"end":{"line":30,"column":5}},"2":{"start":{"line":8,"column":26},"end":{"line":8,"column":37}},"3":{"start":{"line":9,"column":4},"end":{"line":14,"column":5}},"4":{"start":{"line":10,"column":6},"end":{"line":13,"column":9}},"5":{"start":{"line":15,"column":16},"end":{"line":15,"column":43}},"6":{"start":{"line":16,"column":4},"end":{"line":21,"column":5}},"7":{"start":{"line":17,"column":6},"end":{"line":20,"column":8}},"8":{"start":{"line":22,"column":19},"end":{"line":22,"column":60}},"9":{"start":{"line":23,"column":6},"end":{"line":23,"column":22}},"10":{"start":{"line":24,"column":6},"end":{"line":24,"column":13}},"11":{"start":{"line":26,"column":8},"end":{"line":29,"column":10}},"12":{"start":{"line":33,"column":16},"end":{"line":33,"column":24}},"13":{"start":{"line":34,"column":5},"end":{"line":40,"column":6}},"14":{"start":{"line":35,"column":6},"end":{"line":38,"column":9}},"15":{"start":{"line":41,"column":5},"end":{"line":41,"column":19}}},"fnMap":{"0":{"name":"(anonymous_0)","decl":{"start":{"line":6,"column":2},"end":{"line":6,"column":3}},"loc":{"start":{"line":6,"column":42},"end":{"line":31,"column":3}},"line":6},"1":{"name":"(anonymous_1)","decl":{"start":{"line":32,"column":2},"end":{"line":32,"column":3}},"loc":{"start":{"line":32,"column":33},"end":{"line":42,"column":3}},"line":32}},"branchMap":{"0":{"loc":{"start":{"line":9,"column":4},"end":{"line":14,"column":5}},"type":"if","locations":[{"start":{"line":9,"column":4},"end":{"line":14,"column":5}},{"start":{},"end":{}}],"line":9},"1":{"loc":{"start":{"line":16,"column":4},"end":{"line":21,"column":5}},"type":"if","locations":[{"start":{"line":16,"column":4},"end":{"line":21,"column":5}},{"start":{},"end":{}}],"line":16},"2":{"loc":{"start":{"line":34,"column":5},"end":{"line":40,"column":6}},"type":"if","locations":[{"start":{"line":34,"column":5},"end":{"line":40,"column":6}},{"start":{},"end":{}}],"line":34}},"s":{"0":1,"1":6,"2":6,"3":6,"4":2,"5":4,"6":4,"7":0,"8":4,"9":4,"10":4,"11":0,"12":0,"13":0,"14":0,"15":0},"f":{"0":6,"1":0},"b":{"0":[2,4],"1":[0,4],"2":[0,0]},"_coverageSchema":"1a1c01bbd47fc00a2c39e90264f33305004495a9","hash":"4780cbdc3ed5de3c4510b447948722a580488819"}
,"/home/jacques-n/Desktop/Jacques1/src/models/blogmodel.js": {"path":"/home/jacques-n/Desktop/Jacques1/src/models/blogmodel.js","statementMap":{"0":{"start":{"line":5,"column":17},"end":{"line":39,"column":2}},"1":{"start":{"line":40,"column":11},"end":{"line":40,"column":44}}},"fnMap":{},"branchMap":{},"s":{"0":1,"1":1},"f":{},"b":{},"_coverageSchema":"1a1c01bbd47fc00a2c39e90264f33305004495a9","hash":"8d8a16432a56e5bdd4bc227a0de9bf31aa78381e"}
,"/home/jacques-n/Desktop/Jacques1/src/models/commentmodel.js": {"path":"/home/jacques-n/Desktop/Jacques1/src/models/commentmodel.js","statementMap":{"0":{"start":{"line":3,"column":21},"end":{"line":29,"column":2}},"1":{"start":{"line":31,"column":15},"end":{"line":31,"column":54}}},"fnMap":{},"branchMap":{},"s":{"0":1,"1":1},"f":{},"b":{},"_coverageSchema":"1a1c01bbd47fc00a2c39e90264f33305004495a9","hash":"71872dd264f12b07c785204d531edc9d5991230a"}
,"/home/jacques-n/Desktop/Jacques1/src/models/messagemodel.js": {"path":"/home/jacques-n/Desktop/Jacques1/src/models/messagemodel.js","statementMap":{"0":{"start":{"line":3,"column":21},"end":{"line":27,"column":2}},"1":{"start":{"line":28,"column":14},"end":{"line":28,"column":53}}},"fnMap":{},"branchMap":{},"s":{"0":1,"1":1},"f":{},"b":{},"_coverageSchema":"1a1c01bbd47fc00a2c39e90264f33305004495a9","hash":"85298441dfb0ef1bfb6544d7f213d576cfcf3b40"}
,"/home/jacques-n/Desktop/Jacques1/src/models/usermodel.js": {"path":"/home/jacques-n/Desktop/Jacques1/src/models/usermodel.js","statementMap":{"0":{"start":{"line":4,"column":17},"end":{"line":42,"column":2}},"1":{"start":{"line":44,"column":11},"end":{"line":44,"column":44}}},"fnMap":{},"branchMap":{},"s":{"0":1,"1":1},"f":{},"b":{},"_coverageSchema":"1a1c01bbd47fc00a2c39e90264f33305004495a9","hash":"4d9ed0b594a0cd6a9bbb5688cf681f1022d63683"}
,"/home/jacques-n/Desktop/Jacques1/src/routes/blogroute.js": {"path":"/home/jacques-n/Desktop/Jacques1/src/routes/blogroute.js","statementMap":{"0":{"start":{"line":5,"column":16},"end":{"line":13,"column":4}},"1":{"start":{"line":7,"column":6},"end":{"line":7,"column":26}},"2":{"start":{"line":10,"column":27},"end":{"line":10,"column":77}},"3":{"start":{"line":11,"column":6},"end":{"line":11,"column":50}},"4":{"start":{"line":14,"column":14},"end":{"line":14,"column":39}},"5":{"start":{"line":15,"column":14},"end":{"line":15,"column":30}},"6":{"start":{"line":16,"column":0},"end":{"line":16,"column":96}},"7":{"start":{"line":17,"column":0},"end":{"line":17,"column":45}},"8":{"start":{"line":18,"column":0},"end":{"line":18,"column":74}},"9":{"start":{"line":19,"column":0},"end":{"line":19,"column":45}},"10":{"start":{"line":20,"column":0},"end":{"line":20,"column":48}},"11":{"start":{"line":21,"column":0},"end":{"line":21,"column":80}}},"fnMap":{"0":{"name":"(anonymous_0)","decl":{"start":{"line":6,"column":17},"end":{"line":6,"column":18}},"loc":{"start":{"line":6,"column":42},"end":{"line":8,"column":5}},"line":6},"1":{"name":"(anonymous_1)","decl":{"start":{"line":9,"column":14},"end":{"line":9,"column":15}},"loc":{"start":{"line":9,"column":39},"end":{"line":12,"column":5}},"line":9}},"branchMap":{},"s":{"0":1,"1":3,"2":3,"3":3,"4":1,"5":1,"6":1,"7":1,"8":1,"9":1,"10":1,"11":1},"f":{"0":3,"1":3},"b":{},"_coverageSchema":"1a1c01bbd47fc00a2c39e90264f33305004495a9","hash":"a4aeb3deacc7b4c85c29b0325309687568226294"}
,"/home/jacques-n/Desktop/Jacques1/src/routes/commentroute.js": {"path":"/home/jacques-n/Desktop/Jacques1/src/routes/commentroute.js","statementMap":{"0":{"start":{"line":4,"column":13},"end":{"line":4,"column":29}},"1":{"start":{"line":5,"column":0},"end":{"line":5,"column":82}},"2":{"start":{"line":6,"column":0},"end":{"line":6,"column":81}},"3":{"start":{"line":7,"column":0},"end":{"line":7,"column":83}},"4":{"start":{"line":8,"column":0},"end":{"line":8,"column":86}}},"fnMap":{},"branchMap":{},"s":{"0":1,"1":1,"2":1,"3":1,"4":1},"f":{},"b":{},"_coverageSchema":"1a1c01bbd47fc00a2c39e90264f33305004495a9","hash":"774c885ad4960393f8c4a5d9d8450371c51f9c04"}
,"/home/jacques-n/Desktop/Jacques1/src/routes/messageroute.js": {"path":"/home/jacques-n/Desktop/Jacques1/src/routes/messageroute.js","statementMap":{"0":{"start":{"line":4,"column":13},"end":{"line":4,"column":29}},"1":{"start":{"line":5,"column":0},"end":{"line":5,"column":50}},"2":{"start":{"line":6,"column":0},"end":{"line":6,"column":104}},"3":{"start":{"line":7,"column":0},"end":{"line":7,"column":107}},"4":{"start":{"line":8,"column":0},"end":{"line":8,"column":113}}},"fnMap":{},"branchMap":{},"s":{"0":1,"1":1,"2":1,"3":1,"4":1},"f":{},"b":{},"_coverageSchema":"1a1c01bbd47fc00a2c39e90264f33305004495a9","hash":"ae71f9ccc2d8ff6f0c8b5ce7861d2b3fa1e9ae46"}
,"/home/jacques-n/Desktop/Jacques1/src/routes/userroute.js": {"path":"/home/jacques-n/Desktop/Jacques1/src/routes/userroute.js","statementMap":{"0":{"start":{"line":5,"column":13},"end":{"line":5,"column":29}},"1":{"start":{"line":7,"column":0},"end":{"line":7,"column":45}},"2":{"start":{"line":8,"column":0},"end":{"line":8,"column":99}},"3":{"start":{"line":9,"column":0},"end":{"line":9,"column":45}},"4":{"start":{"line":10,"column":0},"end":{"line":10,"column":107}},"5":{"start":{"line":11,"column":0},"end":{"line":11,"column":101}},"6":{"start":{"line":12,"column":0},"end":{"line":12,"column":47}}},"fnMap":{},"branchMap":{},"s":{"0":1,"1":1,"2":1,"3":1,"4":1,"5":1,"6":1},"f":{},"b":{},"_coverageSchema":"1a1c01bbd47fc00a2c39e90264f33305004495a9","hash":"1b514e25dcd5eedee6de37dfb3471f29bdeb79f3"}
,"/home/jacques-n/Desktop/Jacques1/src/utils/jwtsign.js": {"path":"/home/jacques-n/Desktop/Jacques1/src/utils/jwtsign.js","statementMap":{"0":{"start":{"line":3,"column":0},"end":{"line":3,"column":16}},"1":{"start":{"line":7,"column":8},"end":{"line":7,"column":68}}},"fnMap":{"0":{"name":"(anonymous_0)","decl":{"start":{"line":6,"column":4},"end":{"line":6,"column":5}},"loc":{"start":{"line":6,"column":37},"end":{"line":8,"column":5}},"line":6}},"branchMap":{"0":{"loc":{"start":{"line":6,"column":28},"end":{"line":6,"column":36}},"type":"default-arg","locations":[{"start":{"line":6,"column":32},"end":{"line":6,"column":36}}],"line":6}},"s":{"0":1,"1":1},"f":{"0":1},"b":{"0":[1]},"_coverageSchema":"1a1c01bbd47fc00a2c39e90264f33305004495a9","hash":"6294bb3d6b72f0c201af85d10d78176b4ad1ce3c"}
,"/home/jacques-n/Desktop/Jacques1/src/utils/swagger.js": {"path":"/home/jacques-n/Desktop/Jacques1/src/utils/swagger.js","statementMap":{"0":{"start":{"line":5,"column":16},"end":{"line":16,"column":1}},"1":{"start":{"line":18,"column":20},"end":{"line":18,"column":41}},"2":{"start":{"line":21,"column":2},"end":{"line":29,"column":3}},"3":{"start":{"line":22,"column":4},"end":{"line":22,"column":68}},"4":{"start":{"line":23,"column":4},"end":{"line":26,"column":7}},"5":{"start":{"line":24,"column":6},"end":{"line":24,"column":56}},"6":{"start":{"line":25,"column":6},"end":{"line":25,"column":28}},"7":{"start":{"line":28,"column":4},"end":{"line":28,"column":31}}},"fnMap":{"0":{"name":"swaggerDoc","decl":{"start":{"line":20,"column":24},"end":{"line":20,"column":34}},"loc":{"start":{"line":20,"column":46},"end":{"line":30,"column":1}},"line":20},"1":{"name":"(anonymous_1)","decl":{"start":{"line":23,"column":25},"end":{"line":23,"column":26}},"loc":{"start":{"line":23,"column":39},"end":{"line":26,"column":5}},"line":23}},"branchMap":{},"s":{"0":1,"1":1,"2":1,"3":1,"4":1,"5":0,"6":0,"7":0},"f":{"0":1,"1":0},"b":{},"_coverageSchema":"1a1c01bbd47fc00a2c39e90264f33305004495a9","hash":"9cb20bd8b7d7c318007c9aa42c05f328f8d34cbc"}
,"/home/jacques-n/Desktop/Jacques1/src/utils/validateUsers.js": {"path":"/home/jacques-n/Desktop/Jacques1/src/utils/validateUsers.js","statementMap":{"0":{"start":{"line":6,"column":25},"end":{"line":21,"column":46}},"1":{"start":{"line":22,"column":8},"end":{"line":22,"column":41}},"2":{"start":{"line":27,"column":31},"end":{"line":29,"column":10}},"3":{"start":{"line":30,"column":8},"end":{"line":30,"column":47}},"4":{"start":{"line":34,"column":30},"end":{"line":39,"column":10}},"5":{"start":{"line":40,"column":8},"end":{"line":40,"column":46}}},"fnMap":{"0":{"name":"(anonymous_0)","decl":{"start":{"line":5,"column":4},"end":{"line":5,"column":5}},"loc":{"start":{"line":5,"column":31},"end":{"line":24,"column":5}},"line":5},"1":{"name":"(anonymous_1)","decl":{"start":{"line":26,"column":4},"end":{"line":26,"column":5}},"loc":{"start":{"line":26,"column":35},"end":{"line":31,"column":5}},"line":26},"2":{"name":"(anonymous_2)","decl":{"start":{"line":33,"column":4},"end":{"line":33,"column":5}},"loc":{"start":{"line":33,"column":30},"end":{"line":41,"column":5}},"line":33}},"branchMap":{},"s":{"0":1,"1":1,"2":0,"3":0,"4":1,"5":1},"f":{"0":1,"1":0,"2":1},"b":{},"_coverageSchema":"1a1c01bbd47fc00a2c39e90264f33305004495a9","hash":"e0c35c7933659f506b311c2a387e983313536ecc"}
,"/home/jacques-n/Desktop/Jacques1/src/utils/validateblog.js": {"path":"/home/jacques-n/Desktop/Jacques1/src/utils/validateblog.js","statementMap":{"0":{"start":{"line":5,"column":17},"end":{"line":8,"column":2}},"1":{"start":{"line":9,"column":2},"end":{"line":9,"column":35}}},"fnMap":{"0":{"name":"(anonymous_0)","decl":{"start":{"line":4,"column":4},"end":{"line":4,"column":5}},"loc":{"start":{"line":4,"column":29},"end":{"line":10,"column":5}},"line":4}},"branchMap":{},"s":{"0":3,"1":3},"f":{"0":3},"b":{},"_coverageSchema":"1a1c01bbd47fc00a2c39e90264f33305004495a9","hash":"53b054758b131e8300a24667e099bbe82d00dfba"}
,"/home/jacques-n/Desktop/Jacques1/src/utils/validatecomment.js": {"path":"/home/jacques-n/Desktop/Jacques1/src/utils/validatecomment.js","statementMap":{"0":{"start":{"line":6,"column":28},"end":{"line":8,"column":10}},"1":{"start":{"line":9,"column":8},"end":{"line":9,"column":47}}},"fnMap":{"0":{"name":"(anonymous_0)","decl":{"start":{"line":5,"column":4},"end":{"line":5,"column":5}},"loc":{"start":{"line":5,"column":36},"end":{"line":10,"column":5}},"line":5}},"branchMap":{},"s":{"0":0,"1":0},"f":{"0":0},"b":{},"_coverageSchema":"1a1c01bbd47fc00a2c39e90264f33305004495a9","hash":"2fa8cc7a5ca0f8c6c707eb91fde3dfd2bc106952"}
,"/home/jacques-n/Desktop/Jacques1/src/utils/validatemessages.js": {"path":"/home/jacques-n/Desktop/Jacques1/src/utils/validatemessages.js","statementMap":{"0":{"start":{"line":6,"column":29},"end":{"line":12,"column":10}},"1":{"start":{"line":13,"column":8},"end":{"line":13,"column":47}}},"fnMap":{"0":{"name":"(anonymous_0)","decl":{"start":{"line":5,"column":4},"end":{"line":5,"column":5}},"loc":{"start":{"line":5,"column":35},"end":{"line":14,"column":5}},"line":5}},"branchMap":{},"s":{"0":0,"1":0},"f":{"0":0},"b":{},"_coverageSchema":"1a1c01bbd47fc00a2c39e90264f33305004495a9","hash":"0f1cf06bc64869bcf98d8b68159d77f17cac2b13"}
,"/home/jacques-n/Desktop/Jacques1/tests/dj.js": {"path":"/home/jacques-n/Desktop/Jacques1/tests/dj.js","statementMap":{"0":{"start":{"line":6,"column":15},"end":{"line":11,"column":1}},"1":{"start":{"line":7,"column":4},"end":{"line":7,"column":32}},"2":{"start":{"line":8,"column":4},"end":{"line":8,"column":50}},"3":{"start":{"line":9,"column":19},"end":{"line":9,"column":39}},"4":{"start":{"line":10,"column":4},"end":{"line":10,"column":36}},"5":{"start":{"line":12,"column":13},"end":{"line":15,"column":1}},"6":{"start":{"line":13,"column":4},"end":{"line":13,"column":32}},"7":{"start":{"line":14,"column":4},"end":{"line":14,"column":29}},"8":{"start":{"line":16,"column":14},"end":{"line":21,"column":1}},"9":{"start":{"line":17,"column":24},"end":{"line":17,"column":55}},"10":{"start":{"line":18,"column":4},"end":{"line":20,"column":5}},"11":{"start":{"line":19,"column":8},"end":{"line":19,"column":44}}},"fnMap":{"0":{"name":"(anonymous_0)","decl":{"start":{"line":6,"column":15},"end":{"line":6,"column":16}},"loc":{"start":{"line":6,"column":25},"end":{"line":11,"column":1}},"line":6},"1":{"name":"(anonymous_1)","decl":{"start":{"line":12,"column":13},"end":{"line":12,"column":14}},"loc":{"start":{"line":12,"column":23},"end":{"line":15,"column":1}},"line":12},"2":{"name":"(anonymous_2)","decl":{"start":{"line":16,"column":14},"end":{"line":16,"column":15}},"loc":{"start":{"line":16,"column":24},"end":{"line":21,"column":1}},"line":16}},"branchMap":{},"s":{"0":1,"1":1,"2":1,"3":1,"4":1,"5":1,"6":1,"7":1,"8":1,"9":6,"10":6,"11":24},"f":{"0":1,"1":1,"2":6},"b":{},"_coverageSchema":"1a1c01bbd47fc00a2c39e90264f33305004495a9","hash":"88dd67d9b40d721668febc7576817adca8bc251e"}
}
