TN:
SF:index.js
FN:17,(anonymous_0)
FN:28,(anonymous_1)
FN:32,(anonymous_2)
FNF:3
FNH:0
FNDA:0,(anonymous_0)
FNDA:0,(anonymous_1)
FNDA:0,(anonymous_2)
DA:11,1
DA:12,1
DA:14,1
DA:15,1
DA:16,1
DA:17,1
DA:18,0
DA:21,1
DA:22,1
DA:23,1
DA:24,1
DA:27,1
DA:28,1
DA:29,0
DA:31,1
DA:32,1
DA:33,0
LF:17
LH:14
BRDA:27,0,0,1
BRDA:27,0,1,0
BRF:2
BRH:1
end_of_record
TN:
SF:swagger.js
FNF:0
FNH:0
DA:1,1
LF:1
LH:1
BRF:0
BRH:0
end_of_record
TN:
SF:src/controllers/blogcontroller.js
FN:10,(anonymous_0)
FN:40,(anonymous_1)
FN:57,(anonymous_2)
FN:73,(anonymous_3)
FN:88,(anonymous_4)
FN:100,(anonymous_5)
FNF:6
FNH:2
FNDA:3,(anonymous_0)
FNDA:0,(anonymous_1)
FNDA:1,(anonymous_2)
FNDA:0,(anonymous_3)
FNDA:0,(anonymous_4)
FNDA:0,(anonymous_5)
DA:7,1
DA:11,3
DA:12,3
DA:16,1
DA:17,1
DA:18,1
DA:19,1
DA:20,1
DA:21,1
DA:22,1
DA:27,1
DA:28,1
DA:33,0
DA:41,0
DA:42,0
DA:46,0
DA:47,0
DA:48,0
DA:50,0
DA:58,1
DA:59,1
DA:60,1
DA:66,0
DA:74,0
DA:75,0
DA:76,0
DA:81,0
DA:89,0
DA:90,0
DA:91,0
DA:93,0
DA:101,0
DA:102,0
DA:103,0
DA:104,0
DA:105,0
DA:106,0
DA:108,0
DA:109,0
DA:110,0
DA:115,0
DA:116,0
DA:122,0
LF:43
LH:15
BRDA:12,0,0,2
BRDA:12,0,1,1
BRDA:42,1,0,0
BRDA:42,1,1,0
BRDA:108,2,0,0
BRDA:108,2,1,0
BRF:6
BRH:2
end_of_record
TN:
SF:src/controllers/commentcontroller.js
FN:9,(anonymous_0)
FN:36,(anonymous_1)
FN:52,(anonymous_2)
FN:67,(anonymous_3)
FNF:4
FNH:0
FNDA:0,(anonymous_0)
FNDA:0,(anonymous_1)
FNDA:0,(anonymous_2)
FNDA:0,(anonymous_3)
DA:6,1
DA:10,0
DA:11,0
DA:15,0
DA:16,0
DA:17,0
DA:21,0
DA:22,0
DA:23,0
DA:24,0
DA:25,0
DA:26,0
DA:27,0
DA:29,0
DA:37,0
DA:38,0
DA:39,0
DA:45,0
DA:53,0
DA:54,0
DA:55,0
DA:60,0
DA:68,0
DA:69,0
DA:70,0
DA:73,0
LF:26
LH:1
BRDA:11,0,0,0
BRDA:11,0,1,0
BRDA:17,1,0,0
BRDA:17,1,1,0
BRF:4
BRH:0
end_of_record
TN:
SF:src/controllers/messageController.js
FN:6,(anonymous_0)
FN:30,(anonymous_1)
FN:51,(anonymous_2)
FN:67,(anonymous_3)
FNF:4
FNH:0
FNDA:0,(anonymous_0)
FNDA:0,(anonymous_1)
FNDA:0,(anonymous_2)
FNDA:0,(anonymous_3)
DA:7,0
DA:8,0
DA:12,0
DA:13,0
DA:15,0
DA:16,0
DA:22,0
DA:32,0
DA:33,0
DA:34,0
DA:37,0
DA:43,0
DA:52,0
DA:53,0
DA:54,0
DA:60,0
DA:69,0
DA:70,0
DA:71,0
DA:73,0
LF:20
LH:0
BRDA:8,0,0,0
BRDA:8,0,1,0
BRDA:34,1,0,0
BRDA:34,1,1,0
BRF:4
BRH:0
end_of_record
TN:
SF:src/controllers/usercontroller.js
FN:8,(anonymous_0)
FN:36,(anonymous_1)
FN:50,(anonymous_2)
FN:68,(anonymous_3)
FN:86,(anonymous_4)
FN:105,(anonymous_5)
FNF:6
FNH:2
FNDA:1,(anonymous_0)
FNDA:0,(anonymous_1)
FNDA:0,(anonymous_2)
FNDA:0,(anonymous_3)
FNDA:0,(anonymous_4)
FNDA:1,(anonymous_5)
DA:9,1
DA:10,1
DA:11,1
DA:12,1
DA:13,1
DA:17,1
DA:18,1
DA:19,1
DA:20,1
DA:21,1
DA:22,1
DA:28,0
DA:37,0
DA:38,0
DA:39,0
DA:44,0
DA:51,0
DA:52,0
DA:53,0
DA:57,0
DA:62,0
DA:69,0
DA:70,0
DA:71,0
DA:75,0
DA:77,0
DA:87,0
DA:88,0
DA:89,0
DA:90,0
DA:91,0
DA:97,0
DA:106,1
DA:107,1
DA:108,1
DA:113,1
DA:114,1
DA:115,1
DA:119,1
DA:120,1
DA:125,1
DA:130,1
DA:137,0
LF:43
LH:21
BRDA:11,0,0,0
BRDA:11,0,1,1
BRDA:13,1,0,0
BRDA:13,1,1,1
BRDA:53,2,0,0
BRDA:53,2,1,0
BRDA:71,3,0,0
BRDA:71,3,1,0
BRDA:89,4,0,0
BRDA:89,4,1,0
BRDA:91,5,0,0
BRDA:91,5,1,0
BRDA:108,6,0,0
BRDA:108,6,1,1
BRDA:115,7,0,0
BRDA:115,7,1,1
BRDA:120,8,0,0
BRDA:120,8,1,1
BRF:18
BRH:5
end_of_record
TN:
SF:src/database/connectdb.js
FN:4,connectDB
FNF:1
FNH:1
FNDA:1,connectDB
DA:3,1
DA:5,1
DA:6,1
DA:7,1
DA:9,0
LF:5
LH:4
BRF:0
BRH:0
end_of_record
TN:
SF:src/middlewares/authmiddleware.js
FN:6,(anonymous_0)
FN:32,(anonymous_1)
FNF:2
FNH:1
FNDA:6,(anonymous_0)
FNDA:0,(anonymous_1)
DA:3,1
DA:7,6
DA:8,6
DA:9,6
DA:10,2
DA:15,4
DA:16,4
DA:17,0
DA:22,4
DA:23,4
DA:24,4
DA:26,0
DA:33,0
DA:34,0
DA:35,0
DA:41,0
LF:16
LH:10
BRDA:9,0,0,2
BRDA:9,0,1,4
BRDA:16,1,0,0
BRDA:16,1,1,4
BRDA:34,2,0,0
BRDA:34,2,1,0
BRF:6
BRH:3
end_of_record
TN:
SF:src/models/blogmodel.js
FNF:0
FNH:0
DA:5,1
DA:40,1
LF:2
LH:2
BRF:0
BRH:0
end_of_record
TN:
SF:src/models/commentmodel.js
FNF:0
FNH:0
DA:3,1
DA:31,1
LF:2
LH:2
BRF:0
BRH:0
end_of_record
TN:
SF:src/models/messagemodel.js
FNF:0
FNH:0
DA:3,1
DA:28,1
LF:2
LH:2
BRF:0
BRH:0
end_of_record
TN:
SF:src/models/usermodel.js
FNF:0
FNH:0
DA:4,1
DA:44,1
LF:2
LH:2
BRF:0
BRH:0
end_of_record
TN:
SF:src/routes/blogroute.js
FN:6,(anonymous_0)
FN:9,(anonymous_1)
FNF:2
FNH:2
FNDA:3,(anonymous_0)
FNDA:3,(anonymous_1)
DA:5,1
DA:7,3
DA:10,3
DA:11,3
DA:14,1
DA:15,1
DA:16,1
DA:17,1
DA:18,1
DA:19,1
DA:20,1
DA:21,1
LF:12
LH:12
BRF:0
BRH:0
end_of_record
TN:
SF:src/routes/commentroute.js
FNF:0
FNH:0
DA:4,1
DA:5,1
DA:6,1
DA:7,1
DA:8,1
LF:5
LH:5
BRF:0
BRH:0
end_of_record
TN:
SF:src/routes/messageroute.js
FNF:0
FNH:0
DA:4,1
DA:5,1
DA:6,1
DA:7,1
DA:8,1
LF:5
LH:5
BRF:0
BRH:0
end_of_record
TN:
SF:src/routes/userroute.js
FNF:0
FNH:0
DA:5,1
DA:7,1
DA:8,1
DA:9,1
DA:10,1
DA:11,1
DA:12,1
LF:7
LH:7
BRF:0
BRH:0
end_of_record
TN:
SF:src/utils/jwtsign.js
FN:6,(anonymous_0)
FNF:1
FNH:1
FNDA:1,(anonymous_0)
DA:3,1
DA:7,1
LF:2
LH:2
BRDA:6,0,0,1
BRF:1
BRH:1
end_of_record
TN:
SF:src/utils/swagger.js
FN:20,swaggerDoc
FN:23,(anonymous_1)
FNF:2
FNH:1
FNDA:1,swaggerDoc
FNDA:0,(anonymous_1)
DA:5,1
DA:18,1
DA:21,1
DA:22,1
DA:23,1
DA:24,0
DA:25,0
DA:28,0
LF:8
LH:5
BRF:0
BRH:0
end_of_record
TN:
SF:src/utils/validateUsers.js
FN:5,(anonymous_0)
FN:26,(anonymous_1)
FN:33,(anonymous_2)
FNF:3
FNH:2
FNDA:1,(anonymous_0)
FNDA:0,(anonymous_1)
FNDA:1,(anonymous_2)
DA:6,1
DA:22,1
DA:27,0
DA:30,0
DA:34,1
DA:40,1
LF:6
LH:4
BRF:0
BRH:0
end_of_record
TN:
SF:src/utils/validateblog.js
FN:4,(anonymous_0)
FNF:1
FNH:1
FNDA:3,(anonymous_0)
DA:5,3
DA:9,3
LF:2
LH:2
BRF:0
BRH:0
end_of_record
TN:
SF:src/utils/validatecomment.js
FN:5,(anonymous_0)
FNF:1
FNH:0
FNDA:0,(anonymous_0)
DA:6,0
DA:9,0
LF:2
LH:0
BRF:0
BRH:0
end_of_record
TN:
SF:src/utils/validatemessages.js
FN:5,(anonymous_0)
FNF:1
FNH:0
FNDA:0,(anonymous_0)
DA:6,0
DA:13,0
LF:2
LH:0
BRF:0
BRH:0
end_of_record
TN:
SF:tests/dj.js
FN:6,(anonymous_0)
FN:12,(anonymous_1)
FN:16,(anonymous_2)
FNF:3
FNH:3
FNDA:1,(anonymous_0)
FNDA:1,(anonymous_1)
FNDA:6,(anonymous_2)
DA:6,1
DA:7,1
DA:8,1
DA:9,1
DA:10,1
DA:12,1
DA:13,1
DA:14,1
DA:16,1
DA:17,6
DA:18,6
DA:19,24
LF:12
LH:12
BRF:0
BRH:0
end_of_record
